<?xml version="1.0" encoding="UTF-8"?>
<!-- Generated by org.testng.reporters.JUnitXMLReporter -->
<testsuite hostname="Nandhini-PC" ignored="0" name="Default test" tests="3" failures="0" timestamp="2020-05-04T21:55:50 IST" time="39.881" errors="0">
  <testcase name="OpenBing" time="10.192" classname="extentReports.Extentreportviamaven"/>
  <testcase name="OpenGoogle" time="12.645" classname="extentReports.Extentreportviamaven"/>
  <testcase name="OpenWikipedia" time="16.714" classname="extentReports.Extentreportviamaven"/>
</testsuite> <!-- Default test -->
